\BOOKMARK [0][-]{chapter*.4}{List of Figures}{}% 1
\BOOKMARK [0][-]{chapter.1}{Introduction}{}% 2
\BOOKMARK [0][-]{chapter.2}{Large Hadron Collider and the Compact Muon Solenoid}{}% 3
\BOOKMARK [1][-]{section.2.1}{The LHC Machine}{chapter.2}% 4
\BOOKMARK [1][-]{section.2.2}{The CMS Detector}{chapter.2}% 5
\BOOKMARK [2][-]{subsection.2.2.1}{Silicon Tracking System}{section.2.2}% 6
\BOOKMARK [2][-]{subsection.2.2.2}{Electromagnetic Calorimeter}{section.2.2}% 7
\BOOKMARK [2][-]{subsection.2.2.3}{Hadron Calorimeter}{section.2.2}% 8
\BOOKMARK [2][-]{subsection.2.2.4}{Magnet}{section.2.2}% 9
\BOOKMARK [2][-]{subsection.2.2.5}{Muon Detector}{section.2.2}% 10
\BOOKMARK [2][-]{subsection.2.2.6}{Trigger and Data Acquisition}{section.2.2}% 11
\BOOKMARK [2][-]{subsection.2.2.7}{Event Reconstruction}{section.2.2}% 12
\BOOKMARK [2][-]{subsection.2.2.8}{Future Upgrade of Pixel Detector}{section.2.2}% 13
\BOOKMARK [0][-]{chapter.3}{Theoretical Motivation}{}% 14
\BOOKMARK [1][-]{section.3.1}{The Standard Model}{chapter.3}% 15
\BOOKMARK [1][-]{section.3.2}{Indications of Physics Beyond the Standard Model}{chapter.3}% 16
\BOOKMARK [1][-]{section.3.3}{Supersymmetric extension of the Standard Model}{chapter.3}% 17
\BOOKMARK [2][-]{subsection.3.3.1}{Simplified Models Approach to Supersymmetry}{section.3.3}% 18
\BOOKMARK [0][-]{chapter.4}{Optimizing the Phase-2 Pixel Geometry for the Level-1 Trigger in the Outer Tracker}{}% 19
\BOOKMARK [1][-]{section.4.1}{Upgraded Phase-2 Tracker}{chapter.4}% 20
\BOOKMARK [2][-]{subsection.4.1.1}{Phase-2 Tracker Layout}{section.4.1}% 21
\BOOKMARK [2][-]{subsection.4.1.2}{Tracker Input to the L1-Trigger}{section.4.1}% 22
\BOOKMARK [1][-]{section.4.2}{Tracker Stub Simulation}{chapter.4}% 23
\BOOKMARK [2][-]{subsection.4.2.1}{Results of Effect of the Phase 2 Pixel Detector on the L1 Stub Rate}{section.4.2}% 24
\BOOKMARK [1][-]{section.4.3}{Results}{chapter.4}% 25
\BOOKMARK [0][-]{chapter.5}{Search for SUSY in the 0-Lepton Final State}{}% 26
\BOOKMARK [1][-]{section.5.1}{Introduction}{chapter.5}% 27
\BOOKMARK [1][-]{section.5.2}{Analysis Description}{chapter.5}% 28
\BOOKMARK [2][-]{subsection.5.2.1}{Signal Models}{section.5.2}% 29
\BOOKMARK [2][-]{subsection.5.2.2}{Top Tagger}{section.5.2}% 30
\BOOKMARK [2][-]{subsection.5.2.3}{Lepton and Track Vetoes}{section.5.2}% 31
\BOOKMARK [2][-]{subsection.5.2.4}{Baseline Event Selection}{section.5.2}% 32
\BOOKMARK [2][-]{subsection.5.2.5}{Search Bin Definition}{section.5.2}% 33
\BOOKMARK [1][-]{section.5.3}{Background Estimation}{chapter.5}% 34
\BOOKMARK [2][-]{subsection.5.3.1}{Background from tbart, Single Top Quark and W+jets Events}{section.5.3}% 35
\BOOKMARK [2][-]{subsection.5.3.2}{The Z bar Background}{section.5.3}% 36
\BOOKMARK [2][-]{subsection.5.3.3}{The QCD Multijet Background}{section.5.3}% 37
\BOOKMARK [2][-]{subsection.5.3.4}{Background From Rare and Other Processes}{section.5.3}% 38
\BOOKMARK [1][-]{section.5.4}{Results and Interpretation}{chapter.5}% 39
\BOOKMARK [0][-]{chapter.6}{Estimation of the Zbar Background}{}% 40
\BOOKMARK [1][-]{section.6.1}{Introduction}{chapter.6}% 41
\BOOKMARK [1][-]{section.6.2}{The Irreducible Zbar Background}{chapter.6}% 42
\BOOKMARK [1][-]{section.6.3}{The Loose +jets Control Region}{chapter.6}% 43
\BOOKMARK [2][-]{subsection.6.3.1}{Photon ID and Isolation}{section.6.3}% 44
\BOOKMARK [2][-]{subsection.6.3.2}{Photon Selection}{section.6.3}% 45
\BOOKMARK [2][-]{subsection.6.3.3}{Photon Purity and Fake Rate}{section.6.3}% 46
\BOOKMARK [1][-]{section.6.4}{The Z+- Control Region}{chapter.6}% 47
\BOOKMARK [2][-]{subsection.6.4.1}{Muon ID and Isolation}{section.6.4}% 48
\BOOKMARK [2][-]{subsection.6.4.2}{Muon Selection in the Tight Control Region}{section.6.4}% 49
\BOOKMARK [1][-]{section.6.5}{Analysis}{chapter.6}% 50
\BOOKMARK [2][-]{subsection.6.5.1}{Shape Correction Using the \040+ jets Control Sample}{section.6.5}% 51
\BOOKMARK [2][-]{subsection.6.5.2}{Normalization Correction Using the tight Z+- Control Sample}{section.6.5}% 52
\BOOKMARK [1][-]{section.6.6}{Results}{chapter.6}% 53
\BOOKMARK [2][-]{subsection.6.6.1}{Systematics}{section.6.6}% 54
\BOOKMARK [2][-]{subsection.6.6.2}{Zbar Estimation for the Search Bins}{section.6.6}% 55
\BOOKMARK [0][-]{chapter.7}{Conclusion}{}% 56
\BOOKMARK [1][-]{section.7.1}{L1 Stub Counting for the HL-LHC CMS Tracker Upgrade}{chapter.7}% 57
\BOOKMARK [1][-]{section.7.2}{Search for SUSY in the All-Hadronic Channel}{chapter.7}% 58
\BOOKMARK [1][-]{section.7.3}{Estimation of the Zbar+ jets Background with a Hybrid Method}{chapter.7}% 59
